<?xml version="1.0" encoding="UTF-8"?>
<!-- Generated by org.testng.reporters.JUnitReportReporter -->
<testsuite hostname="LTIN511361" failures="0" tests="1" name="testRunner.TestRunner1" time="11.587" errors="0" timestamp="2024-04-08T17:52:07 IST" skipped="0">
  <testcase classname="testRunner.TestRunner1" name="runScenario" time="11.587"/>
</testsuite> <!-- testRunner.TestRunner1 -->
